<?xml version="1.0" encoding="UTF-8"?>
<testng-results skipped="0" failed="0" ignored="0" total="1" passed="1">
  <reporter-output>
  </reporter-output>
  <suite name="Suite" duration-ms="3593" started-at="2018-07-03T10:05:04Z" finished-at="2018-07-03T10:05:07Z">
    <groups>
    </groups>
    <test name="Test" duration-ms="3593" started-at="2018-07-03T10:05:04Z" finished-at="2018-07-03T10:05:07Z">
      <class name="com.w2a.RestAsssured_API_Batch1.TestCases.TC_01">
        <test-method status="PASS" signature="setUp()[pri:0, instance:com.w2a.RestAsssured_API_Batch1.TestCases.TC_01@7fa98a66]" name="setUp" is-config="true" duration-ms="504" started-at="2018-07-03T15:35:03Z" finished-at="2018-07-03T15:35:04Z">
          <reporter-output>
          </reporter-output>
        </test-method> <!-- setUp -->
        <test-method status="PASS" signature="beforeTest()[pri:0, instance:com.w2a.RestAsssured_API_Batch1.TestCases.TC_01@7fa98a66]" name="beforeTest" is-config="true" duration-ms="3" started-at="2018-07-03T15:35:04Z" finished-at="2018-07-03T15:35:04Z">
          <reporter-output>
          </reporter-output>
        </test-method> <!-- beforeTest -->
        <test-method status="PASS" signature="beforeClass()[pri:0, instance:com.w2a.RestAsssured_API_Batch1.TestCases.TC_01@7fa98a66]" name="beforeClass" is-config="true" duration-ms="2" started-at="2018-07-03T15:35:04Z" finished-at="2018-07-03T15:35:04Z">
          <reporter-output>
          </reporter-output>
        </test-method> <!-- beforeClass -->
        <test-method status="PASS" signature="afterSuite()[pri:0, instance:com.w2a.RestAsssured_API_Batch1.TestCases.TC_01@7fa98a66]" name="afterSuite" is-config="true" duration-ms="0" started-at="2018-07-03T15:35:04Z" finished-at="2018-07-03T15:35:04Z">
          <reporter-output>
          </reporter-output>
        </test-method> <!-- afterSuite -->
        <test-method status="PASS" signature="retriveAllCustomers(java.util.Hashtable)[pri:0, instance:com.w2a.RestAsssured_API_Batch1.TestCases.TC_01@7fa98a66]" name="retriveAllCustomers" duration-ms="3265" started-at="2018-07-03T15:35:04Z" data-provider="dp" finished-at="2018-07-03T15:35:07Z">
          <params>
            <param index="0">
              <value>
                <![CDATA[{endPoint=/customers, expectedStatusCode=200}]]>
              </value>
            </param>
          </params>
          <reporter-output>
          </reporter-output>
        </test-method> <!-- retriveAllCustomers -->
        <test-method status="PASS" signature="beforeMethod(java.lang.reflect.Method)[pri:0, instance:com.w2a.RestAsssured_API_Batch1.TestCases.TC_01@7fa98a66]" name="beforeMethod" is-config="true" duration-ms="0" started-at="2018-07-03T15:35:04Z" finished-at="2018-07-03T15:35:04Z">
          <params>
            <param index="0">
              <value>
                <![CDATA[public void com.w2a.RestAsssured_API_Batch1.TestCases.TC_01.retriveAllCustomers(java.util.Hashtable)]]>
              </value>
            </param>
          </params>
          <reporter-output>
          </reporter-output>
        </test-method> <!-- beforeMethod -->
        <test-method status="PASS" signature="afterMethod()[pri:0, instance:com.w2a.RestAsssured_API_Batch1.TestCases.TC_01@7fa98a66]" name="afterMethod" is-config="true" duration-ms="228" started-at="2018-07-03T15:35:07Z" finished-at="2018-07-03T15:35:07Z">
          <reporter-output>
          </reporter-output>
        </test-method> <!-- afterMethod -->
        <test-method status="PASS" signature="AfterClass()[pri:0, instance:com.w2a.RestAsssured_API_Batch1.TestCases.TC_01@7fa98a66]" name="AfterClass" is-config="true" duration-ms="1" started-at="2018-07-03T15:35:07Z" finished-at="2018-07-03T15:35:07Z">
          <reporter-output>
          </reporter-output>
        </test-method> <!-- AfterClass -->
        <test-method status="PASS" signature="afterTest()[pri:0, instance:com.w2a.RestAsssured_API_Batch1.TestCases.TC_01@7fa98a66]" name="afterTest" is-config="true" duration-ms="0" started-at="2018-07-03T15:35:07Z" finished-at="2018-07-03T15:35:07Z">
          <reporter-output>
          </reporter-output>
        </test-method> <!-- afterTest -->
      </class> <!-- com.w2a.RestAsssured_API_Batch1.TestCases.TC_01 -->
    </test> <!-- Test -->
  </suite> <!-- Suite -->
</testng-results>
