<?xml version="1.0" encoding="UTF-8"?>
<!-- Generated by org.testng.reporters.JUnitReportReporter -->
<testsuite skipped="0" hostname="NDI-LAP-715" name="com.w2a.RestAsssured_API_Batch1.TestCases.ValidateCreateCustomerAPI" tests="1" failures="0" timestamp="08 Jul 2018 05:26:19 GMT" time="5.014" errors="0">
  <testcase name="validateCreateCustomerWithValidAuthKey" time="5.014" classname="com.w2a.RestAsssured_API_Batch1.TestCases.ValidateCreateCustomerAPI"/>
</testsuite> <!-- com.w2a.RestAsssured_API_Batch1.TestCases.ValidateCreateCustomerAPI -->
